<?xml version="1.0" encoding="UTF-8"?>
<!-- Generated by org.testng.reporters.JUnitReportReporter -->
<testsuite hostname="Ash" failures="0" tests="4" name="com.staar.modules.thirdparty.ThirdPartyTest" time="31.645" errors="0" timestamp="2024-09-24T10:27:09 IST" skipped="0">
  <testcase classname="com.staar.modules.thirdparty.ThirdPartyTest" name="createThirdParty" time="9.248"/>
  <testcase classname="com.staar.modules.thirdparty.ThirdPartyTest" name="verifyCreatedThirdPartyInListTest" time="5.864"/>
  <testcase classname="com.staar.modules.thirdparty.ThirdPartyTest" name="ListOfCustomers" time="3.347"/>
  <testcase classname="com.staar.modules.thirdparty.ThirdPartyTest" name="modifyThirdPartyTest" time="13.186"/>
</testsuite> <!-- com.staar.modules.thirdparty.ThirdPartyTest -->
